<?xml version="1.0" encoding="utf-8"?><testsuites name="pytest tests"><testsuite name="pytest" errors="0" failures="0" skipped="1" tests="18" time="3.423" timestamp="2026-06-12T12:36:10.392548+00:00" hostname="agent-env-111f8a42-7aed-4248-ac53-8c6ab8a20f66"><testcase classname="backend.tests.test_tickpick_api.TestAuth" name="test_signup_new_user" time="0.411" /><testcase classname="backend.tests.test_tickpick_api.TestAuth" name="test_signup_duplicate_returns_400" time="0.045" /><testcase classname="backend.tests.test_tickpick_api.TestAuth" name="test_signin_admin" time="0.271" /><testcase classname="backend.tests.test_tickpick_api.TestAuth" name="test_signin_regular_user" time="0.532" /><testcase classname="backend.tests.test_tickpick_api.TestAuth" name="test_signin_bad_password" time="0.264" /><testcase classname="backend.tests.test_tickpick_api.TestAuth" name="test_me_without_token" time="0.097" /><testcase classname="backend.tests.test_tickpick_api.TestAuth" name="test_me_with_token" time="0.117" /><testcase classname="backend.tests.test_tickpick_api.TestPools" name="test_list_pools_count_and_fields" time="0.044" /><testcase classname="backend.tests.test_tickpick_api.TestPools" name="test_get_pool_by_id" time="0.125" /><testcase classname="backend.tests.test_tickpick_api.TestPools" name="test_get_pool_invalid_id_404" time="0.043" /><testcase classname="backend.tests.test_tickpick_api.TestEntries" name="test_create_entry_no_token_401" time="0.109" /><testcase classname="backend.tests.test_tickpick_api.TestEntries" name="test_create_entry_success_and_increments_sold" time="0.196" /><testcase classname="backend.tests.test_tickpick_api.TestEntries" name="test_create_entry_too_many_tickets_400" time="0.045"><skipped type="pytest.skip" message="cannot construct oversize qty within schema bounds">/app/backend/tests/test_tickpick_api.py:154: cannot construct oversize qty within schema bounds</skipped></testcase><testcase classname="backend.tests.test_tickpick_api.TestEntries" name="test_entries_mine_returns_only_user_entries" time="0.101" /><testcase classname="backend.tests.test_tickpick_api.TestAdmin" name="test_overview_admin" time="0.375" /><testcase classname="backend.tests.test_tickpick_api.TestAdmin" name="test_overview_non_admin_403" time="0.098" /><testcase classname="backend.tests.test_tickpick_api.TestAdmin" name="test_run_draw_non_admin_403" time="0.137" /><testcase classname="backend.tests.test_tickpick_api.TestAdmin" name="test_run_draw_admin_and_duplicate_400" time="0.327" /></testsuite></testsuites>