<?xml version="1.0" encoding="utf-8"?><testsuites name="pytest tests"><testsuite name="pytest" errors="0" failures="0" skipped="1" tests="20" time="4.573" timestamp="2026-06-12T12:44:40.702282+00:00" hostname="agent-env-111f8a42-7aed-4248-ac53-8c6ab8a20f66"><testcase classname="backend.tests.test_tickpick_api.TestAuth" name="test_signup_returns_jwt_and_user_non_admin" time="0.407" /><testcase classname="backend.tests.test_tickpick_api.TestAuth" name="test_signin_admin_returns_is_admin_true" time="0.265" /><testcase classname="backend.tests.test_tickpick_api.TestAuth" name="test_signin_wrong_password_401" time="0.266" /><testcase classname="backend.tests.test_tickpick_api.TestAuth" name="test_me_with_token" time="0.371" /><testcase classname="backend.tests.test_tickpick_api.TestAuth" name="test_me_without_token_401" time="0.100" /><testcase classname="backend.tests.test_tickpick_api.TestAuth" name="test_patch_me_updates_display_name_and_avatar" time="0.201" /><testcase classname="backend.tests.test_tickpick_api.TestPools" name="test_list_pools_12_with_expected_fields" time="0.044" /><testcase classname="backend.tests.test_tickpick_api.TestPools" name="test_get_pool_by_id_ok" time="0.089" /><testcase classname="backend.tests.test_tickpick_api.TestPools" name="test_get_pool_bad_id_404" time="0.044" /><testcase classname="backend.tests.test_tickpick_api.TestEntries" name="test_create_entry_no_token_401" time="0.091" /><testcase classname="backend.tests.test_tickpick_api.TestEntries" name="test_create_entry_qty_zero_422" time="0.256" /><testcase classname="backend.tests.test_tickpick_api.TestEntries" name="test_create_entry_qty_eleven_422" time="0.232" /><testcase classname="backend.tests.test_tickpick_api.TestEntries" name="test_create_entry_success_increments_sold" time="0.194" /><testcase classname="backend.tests.test_tickpick_api.TestEntries" name="test_entries_mine_returns_only_caller_entries_recent_first" time="0.509" /><testcase classname="backend.tests.test_tickpick_api.TestDrawsPublic" name="test_list_draws_public" time="0.095" /><testcase classname="backend.tests.test_tickpick_api.TestAdminOverview" name="test_overview_admin_ok_shape" time="0.405" /><testcase classname="backend.tests.test_tickpick_api.TestAdminOverview" name="test_overview_non_admin_403" time="0.099" /><testcase classname="backend.tests.test_tickpick_api.TestAdminDraw" name="test_run_draw_non_admin_403" time="0.183" /><testcase classname="backend.tests.test_tickpick_api.TestAdminDraw" name="test_run_draw_zero_entries_400" time="0.043"><skipped type="pytest.skip" message="no active pool with 0 entries available (all seeded pools have entries)">/app/backend/tests/test_tickpick_api.py:300: no active pool with 0 entries available (all seeded pools have entries)</skipped></testcase><testcase classname="backend.tests.test_tickpick_api.TestAdminDraw" name="test_run_draw_success_and_second_call_400" time="0.575" /></testsuite></testsuites>